Configuration on demand is an incubating feature.
> Task :app:preBuild UP-TO-DATE
> Task :app:preReleaseBuild UP-TO-DATE
> Task :app:mergeReleaseJniLibFolders
> Task :app:mergeReleaseNativeLibs NO-SOURCE
> Task :app:stripReleaseDebugSymbols NO-SOURCE
> Task :app:extractReleaseNativeSymbolTables NO-SOURCE
> Task :app:mergeReleaseNativeDebugMetadata NO-SOURCE
> Task :app:checkReleaseDuplicateClasses
> Task :app:buildKotlinToolingMetadata
> Task :app:checkKotlinGradlePluginConfigurationErrors
> Task :app:generateReleaseBuildConfig
> Task :app:generateReleaseResValues
> Task :app:checkReleaseAarMetadata
> Task :app:mapReleaseSourceSetPaths
> Task :app:generateReleaseResources
> Task :app:packageReleaseResources
> Task :app:parseReleaseLocalResources
> Task :app:createReleaseCompatibleScreenManifests
> Task :app:extractDeepLinksRelease
> Task :app:processReleaseMainManifest
> Task :app:processReleaseManifest
> Task :app:processReleaseManifestForPackage
> Task :app:javaPreCompileRelease
> Task :app:desugarReleaseFileDependencies
> Task :app:mergeReleaseStartupProfile
> Task :app:mergeReleaseResources
> Task :app:mergeExtDexRelease
> Task :app:processReleaseResources
> Task :app:mergeReleaseArtProfile
> Task :app:mergeReleaseShaders
> Task :app:compileReleaseShaders NO-SOURCE
> Task :app:generateReleaseAssets UP-TO-DATE
> Task :app:mergeReleaseAssets
> Task :app:compressReleaseAssets
> Task :app:extractReleaseVersionControlInfo
> Task :app:optimizeReleaseResources
> Task :app:collectReleaseDependencies
> Task :app:sdkReleaseDependencyData
> Task :app:validateSigningRelease
> Task :app:writeReleaseAppMetadata
> Task :app:writeReleaseSigningConfigVersions
> Task :app:compileReleaseKotlin
w: file:///home/z/my-project/cortex/app/src/main/kotlin/com/cortex/app/data/remote/GatewayClient.kt:41:9 This declaration needs opt-in. Its usage should be marked with '@kotlinx.serialization.ExperimentalSerializationApi' or '@OptIn(kotlinx.serialization.ExperimentalSerializationApi::class)'
w: file:///home/z/my-project/cortex/app/src/main/kotlin/com/cortex/app/data/remote/GatewayClient.kt:133:33 This is a delicate API and its use requires care. Make sure you fully read and understand documentation of the declaration that is marked as a delicate API.
w: file:///home/z/my-project/cortex/app/src/main/kotlin/com/cortex/app/data/remote/GatewayClient.kt:172:30 This is a delicate API and its use requires care. Make sure you fully read and understand documentation of the declaration that is marked as a delicate API.
w: file:///home/z/my-project/cortex/app/src/main/kotlin/com/cortex/app/data/remote/GatewayClient.kt:178:30 This is a delicate API and its use requires care. Make sure you fully read and understand documentation of the declaration that is marked as a delicate API.
w: file:///home/z/my-project/cortex/app/src/main/kotlin/com/cortex/app/ui/chat/ChatScreen.kt:40:5 Parameter 'onOpenSettings' is never used
w: file:///home/z/my-project/cortex/app/src/main/kotlin/com/cortex/app/ui/chat/ChatViewModel.kt:96:17 Variable 'chat' is never used
w: file:///home/z/my-project/cortex/app/src/main/kotlin/com/cortex/app/ui/chat/MessageBubble.kt:101:65 Unnecessary non-null assertion (!!) on a non-null receiver of type String
w: file:///home/z/my-project/cortex/app/src/main/kotlin/com/cortex/app/ui/components/CortexOrb.kt:44:9 Variable 'rotation' is never used

> Task :app:compileReleaseJavaWithJavac
> Task :app:dexBuilderRelease
> Task :app:mergeReleaseGlobalSynthetics
> Task :app:processReleaseJavaRes
> Task :app:mergeDexRelease
> Task :app:mergeReleaseJavaResource
> Task :app:compileReleaseArtProfile
> Task :app:packageRelease
> Task :app:createReleaseApkListingFileRedirect
> Task :app:assembleRelease

BUILD SUCCESSFUL in 3m 34s
43 actionable tasks: 43 executed
